2025-04-04 21:52:44.643 - [ 21367] - [    11] - INFO  - [Unity.Licensing.Client.Communication.Controllers.EntitlementDetailsController] Finished handling EntitlementDetails request
2025-04-04 21:52:44.644 - [ 21367] - [    11] - INFO  - [Unity.Licensing.Client.Communication.ApiPipeHandler#2] REQ-385 | Sending EntitlementDetailsResponse for request EntitlementDetailsRequest from UnityEditor/6000.0.43f1 (Linux; U; Linux 6.1; en_US) (LocalIPC/1.16.2) [200]:  Found 2 entitlement groups and 0 free entitlements matching requested entitlement ids
2025-04-04 21:53:48.738 - [ 21367] - [    11] - INFO  - [Unity.Licensing.Client.Communication.Controllers.EntitlementDetailsController] Finished handling EntitlementDetails request
2025-04-04 21:53:48.738 - [ 21367] - [    11] - INFO  - [Unity.Licensing.Client.Communication.ApiPipeHandler#2] REQ-386 | Sending EntitlementDetailsResponse for request EntitlementDetailsRequest from UnityEditor/6000.0.43f1 (Linux; U; Linux 6.1; en_US) (LocalIPC/1.16.2) [200]:  Found 2 entitlement groups and 0 free entitlements matching requested entitlement ids
2025-04-04 21:54:53.681 - [ 21367] - [    11] - INFO  - [Unity.Licensing.Client.Communication.Controllers.EntitlementDetailsController] Finished handling EntitlementDetails request
2025-04-04 21:54:53.681 - [ 21367] - [    11] - INFO  - [Unity.Licensing.Client.Communication.ApiPipeHandler#2] REQ-387 | Sending EntitlementDetailsResponse for request EntitlementDetailsRequest from UnityEditor/6000.0.43f1 (Linux; U; Linux 6.1; en_US) (LocalIPC/1.16.2) [200]:  Found 2 entitlement groups and 0 free entitlements matching requested entitlement ids
2025-04-04 21:55:58.240 - [ 21367] - [    11] - INFO  - [Unity.Licensing.Client.Communication.Controllers.EntitlementDetailsController] Finished handling EntitlementDetails request
2025-04-04 21:55:58.240 - [ 21367] - [    11] - INFO  - [Unity.Licensing.Client.Communication.ApiPipeHandler#2] REQ-388 | Sending EntitlementDetailsResponse for request EntitlementDetailsRequest from UnityEditor/6000.0.43f1 (Linux; U; Linux 6.1; en_US) (LocalIPC/1.16.2) [200]:  Found 2 entitlement groups and 0 free entitlements matching requested entitlement ids
2025-04-04 21:57:03.193 - [ 21367] - [    11] - INFO  - [Unity.Licensing.Client.Communication.Controllers.EntitlementDetailsController] Finished handling EntitlementDetails request
2025-04-04 21:57:03.193 - [ 21367] - [    11] - INFO  - [Unity.Licensing.Client.Communication.ApiPipeHandler#2] REQ-389 | Sending EntitlementDetailsResponse for request EntitlementDetailsRequest from UnityEditor/6000.0.43f1 (Linux; U; Linux 6.1; en_US) (LocalIPC/1.16.2) [200]:  Found 2 entitlement groups and 0 free entitlements matching requested entitlement ids
2025-04-04 21:58:07.694 - [ 21367] - [    11] - INFO  - [Unity.Licensing.Client.Communication.Controllers.EntitlementDetailsController] Finished handling EntitlementDetails request
2025-04-04 21:58:07.694 - [ 21367] - [    11] - INFO  - [Unity.Licensing.Client.Communication.ApiPipeHandler#2] REQ-390 | Sending EntitlementDetailsResponse for request EntitlementDetailsRequest from UnityEditor/6000.0.43f1 (Linux; U; Linux 6.1; en_US) (LocalIPC/1.16.2) [200]:  Found 2 entitlement groups and 0 free entitlements matching requested entitlement ids
2025-04-04 21:59:01.461 - [ 21367] - [    11] - INFO  - [Unity.Licensing.Client.Communication.Controllers.EntitlementDetailsController] Finished handling EntitlementDetails request
2025-04-04 21:59:01.461 - [ 21367] - [    11] - INFO  - [Unity.Licensing.Client.Communication.ApiPipeHandler#2] REQ-391 | Sending EntitlementDetailsResponse for request EntitlementDetailsRequest from UnityEditor/6000.0.43f1 (Linux; U; Linux 6.1; en_US) (LocalIPC/1.16.2) [200]:  Found 0 entitlement groups and 86 free entitlements matching requested entitlement ids
2025-04-04 21:59:26.525 - [ 21367] - [    11] - INFO  - [Unity.Licensing.Client.Communication.Controllers.EntitlementDetailsController] Finished handling EntitlementDetails request
2025-04-04 21:59:26.525 - [ 21367] - [    11] - INFO  - [Unity.Licensing.Client.Communication.ApiPipeHandler#2] REQ-392 | Sending EntitlementDetailsResponse for request EntitlementDetailsRequest from UnityEditor/6000.0.43f1 (Linux; U; Linux 6.1; en_US) (LocalIPC/1.16.2) [200]:  Found 2 entitlement groups and 0 free entitlements matching requested entitlement ids
2025-04-04 22:00:17.202 - [ 21367] - [    11] - INFO  - [Unity.Licensing.Client.Communication.Controllers.EntitlementDetailsController] Finished handling EntitlementDetails request
2025-04-04 22:00:17.202 - [ 21367] - [    11] - INFO  - [Unity.Licensing.Client.Communication.ApiPipeHandler#2] REQ-393 | Sending EntitlementDetailsResponse for request EntitlementDetailsRequest from UnityEditor/6000.0.43f1 (Linux; U; Linux 6.1; en_US) (LocalIPC/1.16.2) [200]:  Found 2 entitlement groups and 0 free entitlements matching requested entitlement ids
2025-04-04 22:01:17.566 - [ 21367] - [    11] - INFO  - [Unity.Licensing.Client.Communication.Controllers.EntitlementDetailsController] Finished handling EntitlementDetails request
2025-04-04 22:01:17.566 - [ 21367] - [    11] - INFO  - [Unity.Licensing.Client.Communication.ApiPipeHandler#2] REQ-394 | Sending EntitlementDetailsResponse for request EntitlementDetailsRequest from UnityEditor/6000.0.43f1 (Linux; U; Linux 6.1; en_US) (LocalIPC/1.16.2) [200]:  Found 2 entitlement groups and 0 free entitlements matching requested entitlement ids
2025-04-04 22:02:22.534 - [ 21367] - [    11] - INFO  - [Unity.Licensing.Client.Communication.Controllers.EntitlementDetailsController] Finished handling EntitlementDetails request
2025-04-04 22:02:22.534 - [ 21367] - [    11] - INFO  - [Unity.Licensing.Client.Communication.ApiPipeHandler#2] REQ-395 | Sending EntitlementDetailsResponse for request EntitlementDetailsRequest from UnityEditor/6000.0.43f1 (Linux; U; Linux 6.1; en_US) (LocalIPC/1.16.2) [200]:  Found 2 entitlement groups and 0 free entitlements matching requested entitlement ids
2025-04-04 22:03:28.037 - [ 21367] - [    11] - INFO  - [Unity.Licensing.Client.Communication.Controllers.EntitlementDetailsController] Finished handling EntitlementDetails request
2025-04-04 22:03:28.037 - [ 21367] - [    11] - INFO  - [Unity.Licensing.Client.Communication.ApiPipeHandler#2] REQ-396 | Sending EntitlementDetailsResponse for request EntitlementDetailsRequest from UnityEditor/6000.0.43f1 (Linux; U; Linux 6.1; en_US) (LocalIPC/1.16.2) [200]:  Found 2 entitlement groups and 0 free entitlements matching requested entitlement ids
2025-04-04 22:04:32.563 - [ 21367] - [    11] - INFO  - [Unity.Licensing.Client.Communication.Controllers.EntitlementDetailsController] Finished handling EntitlementDetails request
2025-04-04 22:04:32.563 - [ 21367] - [    11] - INFO  - [Unity.Licensing.Client.Communication.ApiPipeHandler#2] REQ-397 | Sending EntitlementDetailsResponse for request EntitlementDetailsRequest from UnityEditor/6000.0.43f1 (Linux; U; Linux 6.1; en_US) (LocalIPC/1.16.2) [200]:  Found 2 entitlement groups and 0 free entitlements matching requested entitlement ids
2025-04-04 22:05:36.128 - [ 21367] - [    11] - INFO  - [Unity.Licensing.Client.Communication.Controllers.EntitlementDetailsController] Finished handling EntitlementDetails request
2025-04-04 22:05:36.128 - [ 21367] - [    11] - INFO  - [Unity.Licensing.Client.Communication.ApiPipeHandler#2] REQ-398 | Sending EntitlementDetailsResponse for request EntitlementDetailsRequest from UnityEditor/6000.0.43f1 (Linux; U; Linux 6.1; en_US) (LocalIPC/1.16.2) [200]:  Found 2 entitlement groups and 0 free entitlements matching requested entitlement ids
2025-04-04 22:06:41.116 - [ 21367] - [    11] - INFO  - [Unity.Licensing.Client.Communication.Controllers.EntitlementDetailsController] Finished handling EntitlementDetails request
2025-04-04 22:06:41.116 - [ 21367] - [    11] - INFO  - [Unity.Licensing.Client.Communication.ApiPipeHandler#2] REQ-399 | Sending EntitlementDetailsResponse for request EntitlementDetailsRequest from UnityEditor/6000.0.43f1 (Linux; U; Linux 6.1; en_US) (LocalIPC/1.16.2) [200]:  Found 2 entitlement groups and 0 free entitlements matching requested entitlement ids
2025-04-04 22:07:45.203 - [ 21367] - [    11] - INFO  - [Unity.Licensing.Client.Communication.Controllers.EntitlementDetailsController] Finished handling EntitlementDetails request
2025-04-04 22:07:45.203 - [ 21367] - [    11] - INFO  - [Unity.Licensing.Client.Communication.ApiPipeHandler#2] REQ-400 | Sending EntitlementDetailsResponse for request EntitlementDetailsRequest from UnityEditor/6000.0.43f1 (Linux; U; Linux 6.1; en_US) (LocalIPC/1.16.2) [200]:  Found 2 entitlement groups and 0 free entitlements matching requested entitlement ids
2025-04-04 22:08:50.691 - [ 21367] - [    11] - INFO  - [Unity.Licensing.Client.Communication.Controllers.EntitlementDetailsController] Finished handling EntitlementDetails request
2025-04-04 22:08:50.691 - [ 21367] - [    11] - INFO  - [Unity.Licensing.Client.Communication.ApiPipeHandler#2] REQ-401 | Sending EntitlementDetailsResponse for request EntitlementDetailsRequest from UnityEditor/6000.0.43f1 (Linux; U; Linux 6.1; en_US) (LocalIPC/1.16.2) [200]:  Found 2 entitlement groups and 0 free entitlements matching requested entitlement ids
2025-04-04 22:09:55.741 - [ 21367] - [    11] - INFO  - [Unity.Licensing.Client.Communication.Controllers.EntitlementDetailsController] Finished handling EntitlementDetails request
2025-04-04 22:09:55.741 - [ 21367] - [    11] - INFO  - [Unity.Licensing.Client.Communication.ApiPipeHandler#2] REQ-402 | Sending EntitlementDetailsResponse for request EntitlementDetailsRequest from UnityEditor/6000.0.43f1 (Linux; U; Linux 6.1; en_US) (LocalIPC/1.16.2) [200]:  Found 2 entitlement groups and 0 free entitlements matching requested entitlement ids
2025-04-04 22:10:28.579 - [ 21367] - [    49] - INFO  - [Unity.Licensing.Client.Communication.Notifications.NotificationsPipeHandler#2] Notification channel with sessionId: 513cbb82644a435493d5062d723c6638 is shutting down
2025-04-04 22:10:28.579 - [ 21367] - [    49] - INFO  - [Unity.Licensing.Client.Communication.Notifications.NotificationsPipeServer] Connection closed (pipe #2)
2025-04-04 22:10:28.579 - [ 21367] - [    11] - INFO  - [Unity.Licensing.Client.Communication.ApiPipeHandler#2] Detected client disconnect
2025-04-04 22:10:28.579 - [ 21367] - [    11] - INFO  - [Unity.Licensing.Client.Communication.ApiPipeHandler#2] End accepting requests
2025-04-04 22:10:28.579 - [ 21367] - [    11] - INFO  - [Unity.Licensing.Client.MultiClientPipeServer] Connection closed (pipe #2)
2025-04-04 22:10:28.579 - [ 21367] - [    11] - INFO  - [Unity.Licensing.Client.Communication.ApiPipeHandler#2] Disposing named pipe
2025-04-04 22:10:28.579 - [ 21367] - [    11] - INFO  - [Unity.Licensing.Client.Communication.ApiPipeHandler#2] Disposing named pipe
2025-04-04 22:10:41.520 - [ 21367] - [    16] - INFO  - [Unity.Licensing.Client.Communication.ApiPipeHandler#1] REQ-46 | Sending EntitlementsResponse for request EntitlementsRequest from Hub 3.11.1 (LocalIPC/1.16.2) [200]:  Found 1 entitlements
2025-04-04 22:10:41.532 - [ 21367] - [    16] - INFO  - [Unity.Licensing.Client.Communication.ApiPipeHandler#1] REQ-47 | Sending EntitlementsResponse for request EntitlementsRequest from Hub 3.11.1 (LocalIPC/1.16.2) [200]:  Found 1 entitlements
2025-04-04 22:10:41.642 - [ 21367] - [.NET Long Running Task] - INFO  - [Unity.Licensing.Client.MultiClientPipeServer] Waiting for a connection (pipe #8)
2025-04-04 22:10:41.642 - [ 21367] - [    49] - INFO  - [Unity.Licensing.Client.Communication.ApiPipeHandler#7] new pipe session: 163a9040d025482580b8d190b6b83449
2025-04-04 22:10:41.642 - [ 21367] - [    49] - INFO  - [Unity.Licensing.Client.MultiClientPipeServer] A new client is connecting (pipe #7)
2025-04-04 22:10:41.642 - [ 21367] - [    49] - INFO  - [Unity.Licensing.Client.Communication.ApiPipeHandler#7] Start accepting requests
2025-04-04 22:10:41.652 - [ 21367] - [    49] - INFO  - [Unity.Licensing.Client.Communication.Controllers.HandshakeController] Received handshake from: UnityEditor/6000.0.43f1 (Linux; U; Linux 6.1; en_US) (LocalIPC/1.16.2)
2025-04-04 22:10:41.652 - [ 21367] - [    49] - INFO  - [Unity.Licensing.Client.Communication.ApiPipeHandler#7] REQ-1 | Sending HandshakeResponse for request HandshakeRequest from UnityEditor/6000.0.43f1 (Linux; U; Linux 6.1; en_US) (LocalIPC/1.16.2) [200]:  Handshake successful
2025-04-04 22:10:41.652 - [ 21367] - [.NET Long Running Task] - INFO  - [Unity.Licensing.Client.Communication.Notifications.NotificationsPipeServer] Waiting for a connection (pipe #8)
2025-04-04 22:10:41.652 - [ 21367] - [     6] - INFO  - [Unity.Licensing.Client.Communication.Notifications.NotificationsPipeServer] A new client is connecting (pipe #7)
2025-04-04 22:10:41.662 - [ 21367] - [    49] - INFO  - [Unity.Licensing.Client.Communication.Controllers.AccessTokenController] Got access token (expires in 31535999 seconds)
2025-04-04 22:10:41.662 - [ 21367] - [    49] - INFO  - [Unity.Licensing.Client.Communication.ApiPipeHandler#7] REQ-2 | Sending AccessTokenResponse for request AccessTokenRequest from UnityEditor/6000.0.43f1 (Linux; U; Linux 6.1; en_US) (LocalIPC/1.16.2) [200]:  (null)
2025-04-04 22:10:41.672 - [ 21367] - [    49] - INFO  - [Unity.Licensing.Client.Services.Licensing.GenesisLicensingService] [82483cb4142242dc9b3d0cb88e8e7956] Starting Ulf transaction for UPDATE operation
2025-04-04 22:10:41.676 - [ 21367] - [    49] - INFO  - [Unity.Licensing.Client.Services.Licensing.GenesisLicensingService] Attempting to contact genesis update license api
2025-04-04 22:10:42.131 - [ 21367] - [    48] - INFO  - [Unity.Licensing.Client.Services.Licensing.GenesisLicensingService] Trying to write updated entitlement license file...
2025-04-04 22:10:42.131 - [ 21367] - [    48] - INFO  - [Unity.Licensing.Client.Services.Licensing.GenesisLicensingService] Successfully updated license file
2025-04-04 22:10:43.118 - [ 21367] - [    36] - INFO  - [Unity.Licensing.Platform.Permissions.PermissionService] Ensuring path with permissions: /home/kblack0610/.local/share/unity3d/Unity/Unity_lic.ulf
2025-04-04 22:10:43.118 - [ 21367] - [     6] - INFO  - [Unity.Licensing.Client.Services.Licensing.GenesisLicensingService] [82483cb4142242dc9b3d0cb88e8e7956] ULF license updated successfully
2025-04-04 22:10:43.118 - [ 21367] - [    48] - INFO  - [Unity.Licensing.Client.Services.EntitlementResolverProvider] OnLicenseDirUpdate
2025-04-04 22:10:43.118 - [ 21367] - [    48] - INFO  - [Unity.Licensing.Client.Services.EntitlementResolverProvider] License file change detected. Reloading the resolver
2025-04-04 22:10:43.121 - [ 21367] - [    49] - INFO  - [Unity.Licensing.Client.Services.Helpers.LicenseFilesMapper] Successfully parsed license /home/kblack0610/.config/unity3d/Unity/licenses/UnityEntitlementLicense.xml
2025-04-04 22:10:43.123 - [ 21367] - [    49] - INFO  - [Unity.Licensing.Client.Services.Helpers.LicenseFilesMapper] Successfully parsed (ULF) license /home/kblack0610/.local/share/unity3d/Unity/Unity_lic.ulf
2025-04-04 22:10:43.123 - [ 21367] - [    49] - INFO  - [Unity.Licensing.Client.Services.EntitlementResolverProvider] Rebuilding resolvers from local files:  /home/kblack0610/.config/unity3d/Unity/licenses/UnityEntitlementLicense.xml, /home/kblack0610/.local/share/unity3d/Unity/Unity_lic.ulf
2025-04-04 22:10:43.123 - [ 21367] - [    49] - INFO  - [Unity.Licensing.Client.Services.EntitlementResolverProvider] Processing ULF license /home/kblack0610/.local/share/unity3d/Unity/Unity_lic.ulf
2025-04-04 22:10:43.123 - [ 21367] - [    49] - INFO  - [Unity.Licensing.Client.Services.EntitlementResolverProvider] Processing license /home/kblack0610/.config/unity3d/Unity/licenses/UnityEntitlementLicense.xml
2025-04-04 22:10:43.124 - [ 21367] - [    49] - INFO  - [Unity.Licensing.Client.Services.EntitlementResolverProvider] Processed 2 license files in 00:00:00.0000366
2025-04-04 22:10:43.124 - [ 21367] - [    49] - INFO  - [Unity.Licensing.Client.Services.LicenseOfflineValidityEndingPeriodicNotifierService] OnEntitlementResolverUpdated, will restart timer
2025-04-04 22:10:43.124 - [ 21367] - [    49] - INFO  - [Unity.Licensing.Client.Communication.ApiPipeHandler#7] REQ-3 | Sending UpdateLicenseResponse for request UpdateLicenseRequest from UnityEditor/6000.0.43f1 (Linux; U; Linux 6.1; en_US) (LocalIPC/1.16.2) [200]:  Licenses updated.
2025-04-04 22:10:43.124 - [ 21367] - [     6] - INFO  - [Unity.Licensing.Client.Services.LicenseOfflineValidityEndingPeriodicNotifierService] Will execute periodic notification again in 22.19:48:16.8757702
2025-04-04 22:10:43.134 - [ 21367] - [    49] - INFO  - [Unity.Licensing.Client.Communication.Controllers.EntitlementDetailsController] Finished handling EntitlementDetails request
2025-04-04 22:10:43.134 - [ 21367] - [    49] - INFO  - [Unity.Licensing.Client.Communication.ApiPipeHandler#7] REQ-4 | Sending EntitlementDetailsResponse for request EntitlementDetailsRequest from UnityEditor/6000.0.43f1 (Linux; U; Linux 6.1; en_US) (LocalIPC/1.16.2) [200]:  Found 2 entitlement groups and 0 free entitlements matching requested entitlement ids
2025-04-04 22:10:43.557 - [ 21367] - [    49] - INFO  - [Unity.Licensing.Client.Communication.Controllers.EntitlementDetailsController] Finished handling EntitlementDetails request
2025-04-04 22:10:43.557 - [ 21367] - [    49] - INFO  - [Unity.Licensing.Client.Communication.ApiPipeHandler#7] REQ-5 | Sending EntitlementDetailsResponse for request EntitlementDetailsRequest from UnityEditor/6000.0.43f1 (Linux; U; Linux 6.1; en_US) (LocalIPC/1.16.2) [200]:  Found 2 entitlement groups and 0 free entitlements matching requested entitlement ids
2025-04-04 22:10:43.715 - [ 21367] - [    49] - INFO  - [Unity.Licensing.Client.Communication.Controllers.EntitlementDetailsController] Finished handling EntitlementDetails request
2025-04-04 22:10:43.715 - [ 21367] - [    49] - INFO  - [Unity.Licensing.Client.Communication.ApiPipeHandler#7] REQ-6 | Sending EntitlementDetailsResponse for request EntitlementDetailsRequest from UnityEditor/6000.0.43f1 (Linux; U; Linux 6.1; en_US) (LocalIPC/1.16.2) [200]:  Found 0 entitlement groups and 86 free entitlements matching requested entitlement ids
2025-04-04 22:10:45.499 - [ 21367] - [    49] - INFO  - [Unity.Licensing.Client.Communication.Controllers.EntitlementDetailsController] Finished handling EntitlementDetails request
2025-04-04 22:10:45.499 - [ 21367] - [    49] - INFO  - [Unity.Licensing.Client.Communication.ApiPipeHandler#7] REQ-7 | Sending EntitlementDetailsResponse for request EntitlementDetailsRequest from UnityEditor/6000.0.43f1 (Linux; U; Linux 6.1; en_US) (LocalIPC/1.16.2) [200]:  Found 2 entitlement groups and 0 free entitlements matching requested entitlement ids
2025-04-04 22:10:45.636 - [ 21367] - [    49] - INFO  - [Unity.Licensing.Client.Communication.Controllers.EntitlementDetailsController] Finished handling EntitlementDetails request
2025-04-04 22:10:45.636 - [ 21367] - [    49] - INFO  - [Unity.Licensing.Client.Communication.ApiPipeHandler#7] REQ-8 | Sending EntitlementDetailsResponse for request EntitlementDetailsRequest from UnityEditor/6000.0.43f1 (Linux; U; Linux 6.1; en_US) (LocalIPC/1.16.2) [200]:  Found 2 entitlement groups and 0 free entitlements matching requested entitlement ids
2025-04-04 22:10:46.030 - [ 21367] - [    49] - INFO  - [Unity.Licensing.Client.Communication.Controllers.EntitlementDetailsController] Finished handling EntitlementDetails request
2025-04-04 22:10:46.030 - [ 21367] - [    49] - INFO  - [Unity.Licensing.Client.Communication.ApiPipeHandler#7] REQ-9 | Sending EntitlementDetailsResponse for request EntitlementDetailsRequest from UnityEditor/6000.0.43f1 (Linux; U; Linux 6.1; en_US) (LocalIPC/1.16.2) [200]:  Found 2 entitlement groups and 0 free entitlements matching requested entitlement ids
2025-04-04 22:11:00.829 - [ 21367] - [    49] - INFO  - [Unity.Licensing.Client.Communication.Controllers.EntitlementDetailsController] Finished handling EntitlementDetails request
2025-04-04 22:11:00.829 - [ 21367] - [    49] - INFO  - [Unity.Licensing.Client.Communication.ApiPipeHandler#7] REQ-10 | Sending EntitlementDetailsResponse for request EntitlementDetailsRequest from UnityEditor/6000.0.43f1 (Linux; U; Linux 6.1; en_US) (LocalIPC/1.16.2) [200]:  Found 2 entitlement groups and 0 free entitlements matching requested entitlement ids
2025-04-04 22:11:05.354 - [ 21367] - [    49] - INFO  - [Unity.Licensing.Client.Communication.Controllers.AccessTokenController] Got access token (expires in 31535999 seconds)
2025-04-04 22:11:05.354 - [ 21367] - [    49] - INFO  - [Unity.Licensing.Client.Communication.ApiPipeHandler#7] REQ-11 | Sending AccessTokenResponse for request AccessTokenRequest from UnityEditor/6000.0.43f1 (Linux; U; Linux 6.1; en_US) (LocalIPC/1.16.2) [200]:  (null)
2025-04-04 22:11:23.595 - [ 21367] - [    16] - INFO  - [Unity.Licensing.Client.Services.Helpers.LicenseFilesMapper] Successfully parsed license /home/kblack0610/.config/unity3d/Unity/licenses/UnityEntitlementLicense.xml
2025-04-04 22:11:23.598 - [ 21367] - [    16] - INFO  - [Unity.Licensing.Client.Services.Helpers.LicenseFilesMapper] Successfully parsed (ULF) license /home/kblack0610/.local/share/unity3d/Unity/Unity_lic.ulf
2025-04-04 22:11:23.598 - [ 21367] - [    16] - INFO  - [Unity.Licensing.Client.Services.EntitlementResolverProvider] Rebuilding resolvers from local files:  /home/kblack0610/.config/unity3d/Unity/licenses/UnityEntitlementLicense.xml, /home/kblack0610/.local/share/unity3d/Unity/Unity_lic.ulf
2025-04-04 22:11:23.598 - [ 21367] - [    16] - INFO  - [Unity.Licensing.Client.Services.EntitlementResolverProvider] Processing ULF license /home/kblack0610/.local/share/unity3d/Unity/Unity_lic.ulf
2025-04-04 22:11:23.598 - [ 21367] - [    16] - INFO  - [Unity.Licensing.Client.Services.EntitlementResolverProvider] Processing license /home/kblack0610/.config/unity3d/Unity/licenses/UnityEntitlementLicense.xml
2025-04-04 22:11:23.598 - [ 21367] - [    16] - INFO  - [Unity.Licensing.Client.Services.EntitlementResolverProvider] Processed 2 license files in 00:00:00.0000426
2025-04-04 22:11:23.601 - [ 21367] - [    16] - INFO  - [Unity.Licensing.Client.Services.Helpers.LicenseFilesMapper] Successfully parsed license /home/kblack0610/.config/unity3d/Unity/licenses/UnityEntitlementLicense.xml
2025-04-04 22:11:23.603 - [ 21367] - [    16] - INFO  - [Unity.Licensing.Client.Services.Helpers.LicenseFilesMapper] Successfully parsed (ULF) license /home/kblack0610/.local/share/unity3d/Unity/Unity_lic.ulf
2025-04-04 22:11:23.604 - [ 21367] - [    16] - INFO  - [Unity.Licensing.Client.Services.EntitlementResolverProvider] Rebuilding resolvers from local files:  /home/kblack0610/.config/unity3d/Unity/licenses/UnityEntitlementLicense.xml, /home/kblack0610/.local/share/unity3d/Unity/Unity_lic.ulf
2025-04-04 22:11:23.604 - [ 21367] - [    16] - INFO  - [Unity.Licensing.Client.Services.EntitlementResolverProvider] Processing ULF license /home/kblack0610/.local/share/unity3d/Unity/Unity_lic.ulf
2025-04-04 22:11:23.604 - [ 21367] - [    16] - INFO  - [Unity.Licensing.Client.Services.EntitlementResolverProvider] Processing license /home/kblack0610/.config/unity3d/Unity/licenses/UnityEntitlementLicense.xml
2025-04-04 22:11:23.604 - [ 21367] - [    16] - INFO  - [Unity.Licensing.Client.Services.EntitlementResolverProvider] Processed 2 license files in 00:00:00.0000291
2025-04-04 22:11:23.604 - [ 21367] - [    16] - INFO  - [Unity.Licensing.Client.Communication.ApiPipeHandler#1] REQ-48 | Sending EntitlementGroupsDetailsResponse for request EntitlementGroupsDetailsRequest from Hub 3.11.1 (LocalIPC/1.16.2) [200]:  Success, found: 2 groups
