The selected window backend is x11 
Mono path[0] = '/home/kblack0610/.steam/debian-installation/steamapps/common/DodginBalls/Linux/v0.1.131/game_Data/Managed'
Mono config path = '/home/kblack0610/.steam/debian-installation/steamapps/common/DodginBalls/Linux/v0.1.131/game_Data/MonoBleedingEdge/etc'
Input System module state changed to: Initialized.
Display 0 'Sceptre J20 20"': 1600x900 (primary device).
[Physics::Module] Initialized fallback backend.
[Physics::Module] Id: 0xdecafbad
Desktop is 1600 x 900 @ 75 Hz
Initialize engine version: 6000.0.43f1 (97272b72f107)
[Subsystems] Discovering subsystems at path /home/kblack0610/.steam/debian-installation/steamapps/common/DodginBalls/Linux/v0.1.131/game_Data/UnitySubsystems
kGfxThreadingModeClientWorkerNativeJobs is not supported on OpenGL Core. Reverting to kGfxThreadingModeClientWorkerJobs instead.
GfxDevice: creating device client; kGfxThreadingModeClientWorkerJobs
Renderer: NVIDIA GeForce RTX 4060 Ti/PCIe/SSE2
Vendor:   NVIDIA Corporation
Version:  4.5.0 NVIDIA 535.183.01
GLES:     0
 GL_AMD_multi_draw_indirect GL_AMD_seamless_cubemap_per_texture GL_AMD_vertex_shader_viewport_index GL_AMD_vertex_shader_layer GL_ARB_arrays_of_arrays GL_ARB_base_instance GL_ARB_bindless_texture GL_ARB_blend_func_extended GL_ARB_buffer_storage GL_ARB_clear_buffer_object GL_ARB_clear_texture GL_ARB_clip_control GL_ARB_color_buffer_float GL_ARB_compressed_texture_pixel_storage GL_ARB_conservative_depth GL_ARB_compute_shader GL_ARB_compute_variable_group_size GL_ARB_conditional_render_inverted GL_ARB_copy_buffer GL_ARB_copy_image GL_ARB_cull_distance GL_ARB_debug_output GL_ARB_depth_buffer_float GL_ARB_depth_clamp GL_ARB_depth_texture GL_ARB_derivative_control GL_ARB_direct_state_access GL_ARB_draw_buffers GL_ARB_draw_buffers_blend GL_ARB_draw_indirect GL_ARB_draw_elements_base_vertex GL_ARB_draw_instanced GL_ARB_enhanced_layouts GL_ARB_ES2_compatibility GL_ARB_ES3_compatibility GL_ARB_ES3_1_compatibility GL_ARB_ES3_2_compatibility GL_ARB_explicit_attrib_location GL_ARB_explicit_uniform_location GL_ARB_fragmen
t_coord_conventions GL_ARB_fragment_layer_viewport GL_ARB_fragment_program GL_ARB_fragment_program_shadow GL_ARB_fragment_shader GL_ARB_fragment_shader_interlock GL_ARB_framebuffer_no_attachments GL_ARB_framebuffer_object GL_ARB_framebuffer_sRGB GL_ARB_geometry_shader4 GL_ARB_get_program_binary GL_ARB_get_texture_sub_image GL_ARB_gl_spirv GL_ARB_gpu_shader5 GL_ARB_gpu_shader_fp64 GL_ARB_gpu_shader_int64 GL_ARB_half_float_pixel GL_ARB_half_float_vertex GL_ARB_imaging GL_ARB_indirect_parameters GL_ARB_instanced_arrays GL_ARB_internalformat_query GL_ARB_internalformat_query2 GL_ARB_invalidate_subdata GL_ARB_map_buffer_alignment GL_ARB_map_buffer_range GL_ARB_multi_bind GL_ARB_multi_draw_indirect GL_ARB_multisample GL_ARB_multitexture GL_ARB_occlusion_query GL_ARB_occlusion_query2 GL_ARB_parallel_shader_compile GL_ARB_pipeline_statistics_query GL_ARB_pixel_buffer_object GL_ARB_point_parameters GL_ARB_point_sprite GL_ARB_polygon_offset_clamp GL_ARB_post_depth_coverage GL_ARB_program_interface_query GL_ARB_provoki
ng_vertex GL_ARB_query_buffer_object GL_ARB_robust_buffer_access_behavior GL_ARB_robustness GL_ARB_sample_locations GL_ARB_sample_shading GL_ARB_sampler_objects GL_ARB_seamless_cube_map GL_ARB_seamless_cubemap_per_texture GL_ARB_separate_shader_objects GL_ARB_shader_atomic_counter_ops GL_ARB_shader_atomic_counters GL_ARB_shader_ballot GL_ARB_shader_bit_encoding GL_ARB_shader_clock GL_ARB_shader_draw_parameters GL_ARB_shader_group_vote GL_ARB_shader_image_load_store GL_ARB_shader_image_size GL_ARB_shader_objects GL_ARB_shader_precision GL_ARB_shader_storage_buffer_object GL_ARB_shader_subroutine GL_ARB_shader_texture_image_samples GL_ARB_shader_texture_lod GL_ARB_shading_language_100 GL_ARB_shader_viewport_layer_array GL_ARB_shading_language_420pack GL_ARB_shading_language_include GL_ARB_shading_language_packing GL_ARB_shadow GL_ARB_sparse_buffer GL_ARB_sparse_texture GL_ARB_sparse_texture2 GL_ARB_sparse_texture_clamp GL_ARB_spirv_extensions GL_ARB_stencil_texturing GL_ARB_sync GL_ARB_tessellation_shader GL_A
RB_texture_barrier GL_ARB_texture_border_clamp GL_ARB_texture_buffer_object GL_ARB_texture_buffer_object_rgb32 GL_ARB_texture_buffer_range GL_ARB_texture_compression GL_ARB_texture_compression_bptc GL_ARB_texture_compression_rgtc GL_ARB_texture_cube_map GL_ARB_texture_cube_map_array GL_ARB_texture_env_add GL_ARB_texture_env_combine GL_ARB_texture_env_crossbar GL_ARB_texture_env_dot3 GL_ARB_texture_filter_anisotropic GL_ARB_texture_filter_minmax GL_ARB_texture_float GL_ARB_texture_gather GL_ARB_texture_mirror_clamp_to_edge GL_ARB_texture_mirrored_repeat GL_ARB_texture_multisample GL_ARB_texture_non_power_of_two GL_ARB_texture_query_levels GL_ARB_texture_query_lod GL_ARB_texture_rectangle GL_ARB_texture_rg GL_ARB_texture_rgb10_a2ui GL_ARB_texture_stencil8 GL_ARB_texture_storage GL_ARB_texture_storage_multisample GL_ARB_texture_swizzle GL_ARB_texture_view GL_ARB_timer_query GL_ARB_transform_feedback2 GL_ARB_transform_feedback3 GL_ARB_transform_feedback_instanced GL_ARB_transform_feedback_overflow_query GL_ARB_t
ranspose_matrix GL_ARB_uniform_buffer_object GL_ARB_vertex_array_bgra GL_ARB_vertex_array_object GL_ARB_vertex_attrib_64bit GL_ARB_vertex_attrib_binding GL_ARB_vertex_buffer_object GL_ARB_vertex_program GL_ARB_vertex_shader GL_ARB_vertex_type_10f_11f_11f_rev GL_ARB_vertex_type_2_10_10_10_rev GL_ARB_viewport_array GL_ARB_window_pos GL_ATI_draw_buffers GL_ATI_texture_float GL_ATI_texture_mirror_once GL_S3_s3tc GL_EXT_texture_env_add GL_EXT_abgr GL_EXT_bgra GL_EXT_bindable_uniform GL_EXT_blend_color GL_EXT_blend_equation_separate GL_EXT_blend_func_separate GL_EXT_blend_minmax GL_EXT_blend_subtract GL_EXT_compiled_vertex_array GL_EXT_Cg_shader GL_EXT_depth_bounds_test GL_EXT_direct_state_access GL_EXT_draw_buffers2 GL_EXT_draw_instanced GL_EXT_draw_range_elements GL_EXT_fog_coord GL_EXT_framebuffer_blit GL_EXT_framebuffer_multisample GL_EXTX_framebuffer_mixed_formats GL_EXT_framebuffer_multisample_blit_scaled GL_EXT_framebuffer_object GL_EXT_framebuffer_sRGB GL_EXT_geometry_shader4 GL_EXT_gpu_program_parameters 
GL_EXT_gpu_shader4 GL_EXT_multi_draw_arrays GL_EXT_multiview_texture_multisample GL_EXT_multiview_timer_query GL_EXT_packed_depth_stencil GL_EXT_packed_float GL_EXT_packed_pixels GL_EXT_pixel_buffer_object GL_EXT_point_parameters GL_EXT_polygon_offset_clamp GL_EXT_post_depth_coverage GL_EXT_provoking_vertex GL_EXT_raster_multisample GL_EXT_rescale_normal GL_EXT_secondary_color GL_EXT_separate_shader_objects GL_EXT_separate_specular_color GL_EXT_shader_image_load_formatted GL_EXT_shader_image_load_store GL_EXT_shader_integer_mix GL_EXT_shadow_funcs GL_EXT_sparse_texture2 GL_EXT_stencil_two_side GL_EXT_stencil_wrap GL_EXT_texture3D GL_EXT_texture_array GL_EXT_texture_buffer_object GL_EXT_texture_compression_dxt1 GL_EXT_texture_compression_latc GL_EXT_texture_compression_rgtc GL_EXT_texture_compression_s3tc GL_EXT_texture_cube_map GL_EXT_texture_edge_clamp GL_EXT_texture_env_combine GL_EXT_texture_env_dot3 GL_EXT_texture_filter_anisotropic GL_EXT_texture_filter_minmax GL_EXT_texture_integer GL_EXT_texture_lod G
L_EXT_texture_lod_bias GL_EXT_texture_mirror_clamp GL_EXT_texture_object GL_EXT_texture_shadow_lod GL_EXT_texture_shared_exponent GL_EXT_texture_sRGB GL_EXT_texture_sRGB_R8 GL_EXT_texture_sRGB_decode GL_EXT_texture_storage GL_EXT_texture_swizzle GL_EXT_timer_query GL_EXT_transform_feedback2 GL_EXT_vertex_array GL_EXT_vertex_array_bgra GL_EXT_vertex_attrib_64bit GL_EXT_window_rectangles GL_EXT_import_sync_object GL_NV_robustness_video_memory_purge GL_IBM_rasterpos_clip GL_IBM_texture_mirrored_repeat GL_KHR_context_flush_control GL_KHR_debug GL_EXT_memory_object GL_EXT_memory_object_fd GL_NV_memory_object_sparse GL_KHR_parallel_shader_compile GL_KHR_no_error GL_KHR_robust_buffer_access_behavior GL_KHR_robustness GL_EXT_semaphore GL_EXT_semaphore_fd GL_NV_timeline_semaphore GL_KHR_shader_subgroup GL_KTX_buffer_region GL_NV_alpha_to_coverage_dither_control GL_NV_bindless_multi_draw_indirect GL_NV_bindless_multi_draw_indirect_count GL_NV_bindless_texture GL_NV_blend_equation_advanced GL_NV_blend_equation_advanced
_coherent GL_NVX_blend_equation_advanced_multi_draw_buffers GL_NV_blend_minmax_factor GL_NV_blend_square GL_NV_clip_space_w_scaling GL_NV_command_list GL_NV_compute_program5 GL_NV_compute_shader_derivatives GL_NV_conditional_render GL_NV_conservative_raster GL_NV_conservative_raster_dilate GL_NV_conservative_raster_pre_snap GL_NV_conservative_raster_pre_snap_triangles GL_NV_conservative_raster_underestimation GL_NV_copy_depth_to_color GL_NV_copy_image GL_NV_depth_buffer_float GL_NV_depth_clamp GL_NV_draw_texture GL_NV_draw_vulkan_image GL_NV_ES1_1_compatibility GL_NV_ES3_1_compatibility GL_NV_explicit_multisample GL_NV_feature_query GL_NV_fence GL_NV_fill_rectangle GL_NV_float_buffer GL_NV_fog_distance GL_NV_fragment_coverage_to_color GL_NV_fragment_program GL_NV_fragment_program_option GL_NV_fragment_program2 GL_NV_fragment_shader_barycentric GL_NV_fragment_shader_interlock GL_NV_framebuffer_mixed_samples GL_NV_framebuffer_multisample_coverage GL_NV_geometry_shader4 GL_NV_geometry_shader_passthrough GL_NV_g
pu_program4 GL_NV_internalformat_sample_query GL_NV_gpu_program4_1 GL_NV_gpu_program5 GL_NV_gpu_program5_mem_extended GL_NV_gpu_program_fp64 GL_NV_gpu_shader5 GL_NV_half_float GL_NV_light_max_exponent GL_NV_memory_attachment GL_NV_mesh_shader GL_NV_multisample_coverage GL_NV_multisample_filter_hint GL_NV_occlusion_query GL_NV_packed_depth_stencil GL_NV_parameter_buffer_object GL_NV_parameter_buffer_object2 GL_NV_path_rendering GL_NV_path_rendering_shared_edge GL_NV_pixel_data_range GL_NV_point_sprite GL_NV_primitive_restart GL_NV_primitive_shading_rate GL_NV_query_resource GL_NV_query_resource_tag GL_NV_register_combiners GL_NV_register_combiners2 GL_NV_representative_fragment_test GL_NV_sample_locations GL_NV_sample_mask_override_coverage GL_NV_scissor_exclusive GL_NV_shader_atomic_counters GL_NV_shader_atomic_float GL_NV_shader_atomic_float64 GL_NV_shader_atomic_fp16_vector GL_NV_shader_atomic_int64 GL_NV_shader_buffer_load GL_NV_shader_storage_buffer_object GL_NV_shader_subgroup_partitioned GL_NV_shader_t
exture_footprint GL_NV_shading_rate_image GL_NV_stereo_view_rendering GL_NV_texgen_reflection GL_NV_texture_barrier GL_NV_texture_compression_vtc GL_NV_texture_dirty_tile_map GL_NV_texture_env_combine4 GL_NV_texture_multisample GL_NV_texture_rectangle GL_NV_texture_rectangle_compressed GL_NV_texture_shader GL_NV_texture_shader2 GL_NV_texture_shader3 GL_NV_transform_feedback GL_NV_transform_feedback2 GL_NV_uniform_buffer_unified_memory GL_NV_uniform_buffer_std430_layout GL_NV_vdpau_interop GL_NV_vdpau_interop2 GL_NV_vertex_array_range GL_NV_vertex_array_range2 GL_NV_vertex_attrib_integer_64bit GL_NV_vertex_buffer_unified_memory GL_NV_vertex_program GL_NV_vertex_program1_1 GL_NV_vertex_program2 GL_NV_vertex_program2_option GL_NV_vertex_program3 GL_NV_viewport_array2 GL_NV_viewport_swizzle GL_NVX_conditional_render GL_NV_gpu_multicast GL_NVX_progress_fence GL_NVX_gpu_memory_info GL_NVX_nvenc_interop GL_NV_shader_thread_group GL_NV_shader_thread_shuffle GL_KHR_blend_equation_advanced GL_KHR_blend_equation_advanc
ed_coherent GL_OVR_multiview GL_OVR_multiview2 GL_SGIS_generate_mipmap GL_SGIS_texture_lod GL_SGIX_depth_texture GL_SGIX_shadow GL_SUN_slice_accum
OPENGL LOG: Creating OpenGL 4.5 graphics device ; Context level  <OpenGL 4.5> ; Context handle 973078024
Begin MonoManager ReloadAssembly
- Loaded All Assemblies, in  0.115 seconds
- Finished resetting the current domain, in  0.002 seconds
[Physics::Module] Selected backend.
[Physics::Module] Name: PhysX
[Physics::Module] Id: 0xf2b8ea05
[Physics::Module] SDK Version: 4.1.2
[Physics::Module] Integration Version: 1.0.0
[Physics::Module] Threading Mode: Multi-Threaded
Default vsync count 0
requesting resize 1600 x 900
Using native desktop resolution 1600 x 900
requesting fullscreen 1600 x 900 at 0/1 Hz
Desktop is 1600 x 900 @ 75 Hz
UnloadTime: 14.488584 ms
Odin Serializer ArchitectureInfo initialization with defaults (all unaligned read/writes disabled).
Odin Serializer detected whitelisted runtime platform LinuxPlayer and memory read test succeeded; enabling all unaligned memory read/writes.
No rasterizable objects were found contained in the layers specified by the 'mask' variables
Scanned graphs in 39 ms
RenderGraph is now enabled.
Detected one or more triangles where the distance between any 2 vertices is greater than 500 units. The resulting Triangle Mesh can impact simulation and query stability. It is recommended to tessellate meshes that have large triangles. Source mesh name: BasketHoop01_PhyMetal
Detected one or more triangles where the distance between any 2 vertices is greater than 500 units. The resulting Triangle Mesh can impact simulation and query stability. It is recommended to tessellate meshes that have large triangles. Source mesh name: VaultingHorse01_PhyMetal
Detected one or more triangles where the distance between any 2 vertices is greater than 500 units. The resulting Triangle Mesh can impact simulation and query stability. It is recommended to tessellate meshes that have large triangles. Source mesh name: VaultingHorse02_PhyMetall
Detected one or more triangles where the distance between any 2 vertices is greater than 500 units. The resulting Triangle Mesh can impact simulation and query stability. It is recommended to tessellate meshes that have large triangles. Source mesh name: BasketHoop01_PhyWood
ManagerService initialized
The tree Tree1 must use the Nature/Soft Occlusion shader. Otherwise billboarding/lighting will not work correctly.
The tree Tree2 must use the Nature/Soft Occlusion shader. Otherwise billboarding/lighting will not work correctly.
The tree Tree3 must use the Nature/Soft Occlusion shader. Otherwise billboarding/lighting will not work correctly.
Attempting Login
Internal: JobTempAlloc has allocations that are more than the maximum lifespan of 4 frames old - this is not allowed and likely a leak
To Debug, run app with -diag-job-temp-memory-leak-validation cmd line argument. This will output the callstacks of the leaked allocations.
Internal: deleting an allocation that is older than its permitted lifetime of 4 frames (age = 5)
Internal: deleting an allocation that is older than its permitted lifetime of 4 frames (age = 5)
Internal: deleting an allocation that is older than its permitted lifetime of 4 frames (age = 8)
Internal: deleting an allocation that is older than its permitted lifetime of 4 frames (age = 10)
Internal: deleting an allocation that is older than its permitted lifetime of 4 frames (age = 5)
Internal: deleting an allocation that is older than its permitted lifetime of 4 frames (age = 5)
Internal: deleting an allocation that is older than its permitted lifetime of 4 frames (age = 9)
Internal: deleting an allocation that is older than its permitted lifetime of 4 frames (age = 9)
Internal: deleting an allocation that is older than its permitted lifetime of 4 frames (age = 6)
Internal: deleting an allocation that is older than its permitted lifetime of 4 frames (age = 8)
Internal: JobTempAlloc has allocations that are more than the maximum lifespan of 4 frames old - this is not allowed and likely a leak
To Debug, run app with -diag-job-temp-memory-leak-validation cmd line argument. This will output the callstacks of the leaked allocations.
Internal: deleting an allocation that is older than its permitted lifetime of 4 frames (age = 7)
Internal: deleting an allocation that is older than its permitted lifetime of 4 frames (age = 9)
Internal: deleting an allocation that is older than its permitted lifetime of 4 frames (age = 13)
Internal: deleting an allocation that is older than its permitted lifetime of 4 frames (age = 5)
Internal: deleting an allocation that is older than its permitted lifetime of 4 frames (age = 7)
Internal: deleting an allocation that is older than its permitted lifetime of 4 frames (age = 6)
Internal: deleting an allocation that is older than its permitted lifetime of 4 frames (age = 11)
Internal: deleting an allocation that is older than its permitted lifetime of 4 frames (age = 6)
Internal: deleting an allocation that is older than its permitted lifetime of 4 frames (age = 6)
Internal: deleting an allocation that is older than its permitted lifetime of 4 frames (age = 5)
Internal: deleting an allocation that is older than its permitted lifetime of 4 frames (age = 5)
Internal: deleting an allocation that is older than its permitted lifetime of 4 frames (age = 7)
Internal: deleting an allocation that is older than its permitted lifetime of 4 frames (age = 8)
Internal: deleting an allocation that is older than its permitted lifetime of 4 frames (age = 5)
Internal: JobTempAlloc has allocations that are more than the maximum lifespan of 4 frames old - this is not allowed and likely a leak
To Debug, run app with -diag-job-temp-memory-leak-validation cmd line argument. This will output the callstacks of the leaked allocations.
Internal: deleting an allocation that is older than its permitted lifetime of 4 frames (age = 7)
Internal: deleting an allocation that is older than its permitted lifetime of 4 frames (age = 5)
Internal: deleting an allocation that is older than its permitted lifetime of 4 frames (age = 11)
Internal: JobTempAlloc has allocations that are more than the maximum lifespan of 4 frames old - this is not allowed and likely a leak
To Debug, run app with -diag-job-temp-memory-leak-validation cmd line argument. This will output the callstacks of the leaked allocations.
Internal: deleting an allocation that is older than its permitted lifetime of 4 frames (age = 5)
Internal: deleting an allocation that is older than its permitted lifetime of 4 frames (age = 6)
Internal: deleting an allocation that is older than its permitted lifetime of 4 frames (age = 5)
Internal: deleting an allocation that is older than its permitted lifetime of 4 frames (age = 6)
Internal: deleting an allocation that is older than its permitted lifetime of 4 frames (age = 9)
Internal: deleting an allocation that is older than its permitted lifetime of 4 frames (age = 10)
Internal: deleting an allocation that is older than its permitted lifetime of 4 frames (age = 5)
Internal: deleting an allocation that is older than its permitted lifetime of 4 frames (age = 5)
Internal: deleting an allocation that is older than its permitted lifetime of 4 frames (age = 5)
Internal: deleting an allocation that is older than its permitted lifetime of 4 frames (age = 10)
Internal: deleting an allocation that is older than its permitted lifetime of 4 frames (age = 5)
Internal: deleting an allocation that is older than its permitted lifetime of 4 frames (age = 10)
Internal: deleting an allocation that is older than its permitted lifetime of 4 frames (age = 6)
Internal: JobTempAlloc has allocations that are more than the maximum lifespan of 4 frames old - this is not allowed and likely a leak
To Debug, run app with -diag-job-temp-memory-leak-validation cmd line argument. This will output the callstacks of the leaked allocations.
Internal: deleting an allocation that is older than its permitted lifetime of 4 frames (age = 15)
Internal: deleting an allocation that is older than its permitted lifetime of 4 frames (age = 5)
Internal: deleting an allocation that is older than its permitted lifetime of 4 frames (age = 11)
Internal: JobTempAlloc has allocations that are more than the maximum lifespan of 4 frames old - this is not allowed and likely a leak
To Debug, run app with -diag-job-temp-memory-leak-validation cmd line argument. This will output the callstacks of the leaked allocations.
Internal: deleting an allocation that is older than its permitted lifetime of 4 frames (age = 10)
Internal: deleting an allocation that is older than its permitted lifetime of 4 frames (age = 9)
Internal: deleting an allocation that is older than its permitted lifetime of 4 frames (age = 5)
Internal: deleting an allocation that is older than its permitted lifetime of 4 frames (age = 8)
Internal: deleting an allocation that is older than its permitted lifetime of 4 frames (age = 6)
Internal: deleting an allocation that is older than its permitted lifetime of 4 frames (age = 5)
Internal: deleting an allocation that is older than its permitted lifetime of 4 frames (age = 15)
Internal: deleting an allocation that is older than its permitted lifetime of 4 frames (age = 9)
Internal: deleting an allocation that is older than its permitted lifetime of 4 frames (age = 8)
Internal: JobTempAlloc has allocations that are more than the maximum lifespan of 4 frames old - this is not allowed and likely a leak
To Debug, run app with -diag-job-temp-memory-leak-validation cmd line argument. This will output the callstacks of the leaked allocations.
Internal: deleting an allocation that is older than its permitted lifetime of 4 frames (age = 10)
Internal: deleting an allocation that is older than its permitted lifetime of 4 frames (age = 5)
Internal: deleting an allocation that is older than its permitted lifetime of 4 frames (age = 10)
Internal: deleting an allocation that is older than its permitted lifetime of 4 frames (age = 5)
Internal: deleting an allocation that is older than its permitted lifetime of 4 frames (age = 12)
Internal: deleting an allocation that is older than its permitted lifetime of 4 frames (age = 7)
Internal: deleting an allocation that is older than its permitted lifetime of 4 frames (age = 5)
Internal: deleting an allocation that is older than its permitted lifetime of 4 frames (age = 15)
Internal: deleting an allocation that is older than its permitted lifetime of 4 frames (age = 9)
Internal: deleting an allocation that is older than its permitted lifetime of 4 frames (age = 5)
Internal: deleting an allocation that is older than its permitted lifetime of 4 frames (age = 6)
Internal: deleting an allocation that is older than its permitted lifetime of 4 frames (age = 8)
Internal: deleting an allocation that is older than its permitted lifetime of 4 frames (age = 8)
Internal: deleting an allocation that is older than its permitted lifetime of 4 frames (age = 5)
Internal: deleting an allocation that is older than its permitted lifetime of 4 frames (age = 6)
Internal: deleting an allocation that is older than its permitted lifetime of 4 frames (age = 15)
Internal: deleting an allocation that is older than its permitted lifetime of 4 frames (age = 10)
Internal: deleting an allocation that is older than its permitted lifetime of 4 frames (age = 5)
Internal: JobTempAlloc has allocations that are more than the maximum lifespan of 4 frames old - this is not allowed and likely a leak
To Debug, run app with -diag-job-temp-memory-leak-validation cmd line argument. This will output the callstacks of the leaked allocations.
Internal: deleting an allocation that is older than its permitted lifetime of 4 frames (age = 5)
Internal: deleting an allocation that is older than its permitted lifetime of 4 frames (age = 10)
Internal: deleting an allocation that is older than its permitted lifetime of 4 frames (age = 15)
Internal: deleting an allocation that is older than its permitted lifetime of 4 frames (age = 5)
Internal: deleting an allocation that is older than its permitted lifetime of 4 frames (age = 8)
Internal: deleting an allocation that is older than its permitted lifetime of 4 frames (age = 6)
Internal: deleting an allocation that is older than its permitted lifetime of 4 frames (age = 8)
Internal: deleting an allocation that is older than its permitted lifetime of 4 frames (age = 13)
Internal: deleting an allocation that is older than its permitted lifetime of 4 frames (age = 6)
Internal: JobTempAlloc has allocations that are more than the maximum lifespan of 4 frames old - this is not allowed and likely a leak
To Debug, run app with -diag-job-temp-memory-leak-validation cmd line argument. This will output the callstacks of the leaked allocations.
Internal: deleting an allocation that is older than its permitted lifetime of 4 frames (age = 5)
Internal: deleting an allocation that is older than its permitted lifetime of 4 frames (age = 5)
Internal: deleting an allocation that is older than its permitted lifetime of 4 frames (age = 6)
Internal: deleting an allocation that is older than its permitted lifetime of 4 frames (age = 6)
Internal: deleting an allocation that is older than its permitted lifetime of 4 frames (age = 11)
Internal: deleting an allocation that is older than its permitted lifetime of 4 frames (age = 8)
Internal: deleting an allocation that is older than its permitted lifetime of 4 frames (age = 12)
Internal: deleting an allocation that is older than its permitted lifetime of 4 frames (age = 5)
Internal: deleting an allocation that is older than its permitted lifetime of 4 frames (age = 5)
Internal: deleting an allocation that is older than its permitted lifetime of 4 frames (age = 6)
Internal: deleting an allocation that is older than its permitted lifetime of 4 frames (age = 11)
Internal: deleting an allocation that is older than its permitted lifetime of 4 frames (age = 5)
Internal: deleting an allocation that is older than its permitted lifetime of 4 frames (age = 5)
Internal: deleting an allocation that is older than its permitted lifetime of 4 frames (age = 7)
Internal: deleting an allocation that is older than its permitted lifetime of 4 frames (age = 5)
Internal: deleting an allocation that is older than its permitted lifetime of 4 frames (age = 5)
Internal: deleting an allocation that is older than its permitted lifetime of 4 frames (age = 11)
Internal: deleting an allocation that is older than its permitted lifetime of 4 frames (age = 11)
Internal: deleting an allocation that is older than its permitted lifetime of 4 frames (age = 5)
Internal: deleting an allocation that is older than its permitted lifetime of 4 frames (age = 5)
Internal: deleting an allocation that is older than its permitted lifetime of 4 frames (age = 5)
Internal: deleting an allocation that is older than its permitted lifetime of 4 frames (age = 7)
Internal: deleting an allocation that is older than its permitted lifetime of 4 frames (age = 8)
Internal: deleting an allocation that is older than its permitted lifetime of 4 frames (age = 5)
Internal: deleting an allocation that is older than its permitted lifetime of 4 frames (age = 5)
Internal: deleting an allocation that is older than its permitted lifetime of 4 frames (age = 8)
Internal: deleting an allocation that is older than its permitted lifetime of 4 frames (age = 8)
Internal: deleting an allocation that is older than its permitted lifetime of 4 frames (age = 5)
Internal: deleting an allocation that is older than its permitted lifetime of 4 frames (age = 5)
Internal: deleting an allocation that is older than its permitted lifetime of 4 frames (age = 10)
Internal: deleting an allocation that is older than its permitted lifetime of 4 frames (age = 6)
Internal: JobTempAlloc has allocations that are more than the maximum lifespan of 4 frames old - this is not allowed and likely a leak
To Debug, run app with -diag-job-temp-memory-leak-validation cmd line argument. This will output the callstacks of the leaked allocations.
Internal: deleting an allocation that is older than its permitted lifetime of 4 frames (age = 5)
Internal: deleting an allocation that is older than its permitted lifetime of 4 frames (age = 11)
Internal: deleting an allocation that is older than its permitted lifetime of 4 frames (age = 5)
Internal: JobTempAlloc has allocations that are more than the maximum lifespan of 4 frames old - this is not allowed and likely a leak
To Debug, run app with -diag-job-temp-memory-leak-validation cmd line argument. This will output the callstacks of the leaked allocations.
Internal: deleting an allocation that is older than its permitted lifetime of 4 frames (age = 5)
Internal: deleting an allocation that is older than its permitted lifetime of 4 frames (age = 10)
Internal: JobTempAlloc has allocations that are more than the maximum lifespan of 4 frames old - this is not allowed and likely a leak
To Debug, run app with -diag-job-temp-memory-leak-validation cmd line argument. This will output the callstacks of the leaked allocations.
Internal: deleting an allocation that is older than its permitted lifetime of 4 frames (age = 6)
Internal: deleting an allocation that is older than its permitted lifetime of 4 frames (age = 10)
Internal: deleting an allocation that is older than its permitted lifetime of 4 frames (age = 11)
Internal: JobTempAlloc has allocations that are more than the maximum lifespan of 4 frames old - this is not allowed and likely a leak
To Debug, run app with -diag-job-temp-memory-leak-validation cmd line argument. This will output the callstacks of the leaked allocations.
Internal: deleting an allocation that is older than its permitted lifetime of 4 frames (age = 5)
Internal: deleting an allocation that is older than its permitted lifetime of 4 frames (age = 6)
Internal: deleting an allocation that is older than its permitted lifetime of 4 frames (age = 5)
Internal: deleting an allocation that is older than its permitted lifetime of 4 frames (age = 9)
Internal: JobTempAlloc has allocations that are more than the maximum lifespan of 4 frames old - this is not allowed and likely a leak
To Debug, run app with -diag-job-temp-memory-leak-validation cmd line argument. This will output the callstacks of the leaked allocations.
Internal: deleting an allocation that is older than its permitted lifetime of 4 frames (age = 5)
Internal: deleting an allocation that is older than its permitted lifetime of 4 frames (age = 6)
Internal: deleting an allocation that is older than its permitted lifetime of 4 frames (age = 9)
Internal: deleting an allocation that is older than its permitted lifetime of 4 frames (age = 5)
Internal: deleting an allocation that is older than its permitted lifetime of 4 frames (age = 13)
Internal: deleting an allocation that is older than its permitted lifetime of 4 frames (age = 5)
Internal: deleting an allocation that is older than its permitted lifetime of 4 frames (age = 7)
Internal: deleting an allocation that is older than its permitted lifetime of 4 frames (age = 6)
Internal: deleting an allocation that is older than its permitted lifetime of 4 frames (age = 9)
Internal: deleting an allocation that is older than its permitted lifetime of 4 frames (age = 5)
Internal: deleting an allocation that is older than its permitted lifetime of 4 frames (age = 6)
Internal: deleting an allocation that is older than its permitted lifetime of 4 frames (age = 6)
Internal: deleting an allocation that is older than its permitted lifetime of 4 frames (age = 6)
Internal: deleting an allocation that is older than its permitted lifetime of 4 frames (age = 6)
Internal: deleting an allocation that is older than its permitted lifetime of 4 frames (age = 9)
Internal: deleting an allocation that is older than its permitted lifetime of 4 frames (age = 8)
Internal: deleting an allocation that is older than its permitted lifetime of 4 frames (age = 7)
Internal: deleting an allocation that is older than its permitted lifetime of 4 frames (age = 9)
Internal: deleting an allocation that is older than its permitted lifetime of 4 frames (age = 6)
Internal: deleting an allocation that is older than its permitted lifetime of 4 frames (age = 8)
Internal: deleting an allocation that is older than its permitted lifetime of 4 frames (age = 6)
Internal: deleting an allocation that is older than its permitted lifetime of 4 frames (age = 6)
Internal: deleting an allocation that is older than its permitted lifetime of 4 frames (age = 5)
Internal: deleting an allocation that is older than its permitted lifetime of 4 frames (age = 5)
Internal: deleting an allocation that is older than its permitted lifetime of 4 frames (age = 9)
Internal: deleting an allocation that is older than its permitted lifetime of 4 frames (age = 6)
Internal: deleting an allocation that is older than its permitted lifetime of 4 frames (age = 6)
Internal: deleting an allocation that is older than its permitted lifetime of 4 frames (age = 5)
NullReferenceException: Object reference not set to an instance of an object
  at BlackNBrown.Managers.API.updateUserStatus (System.String id, System.String wins, System.String losses) [0x00005] in <60352ae87c04477998f7af7f1fa20a3d>:0 
  at BlackNBrown.Managers.API.<GetUserStats>b__19_0 (UnityEngine.Networking.UnityWebRequest www) [0x00094] in <60352ae87c04477998f7af7f1fa20a3d>:0 
  at BlackNBrown.Managers.API+<GetRequest>d__29.MoveNext () [0x0010c] in <60352ae87c04477998f7af7f1fa20a3d>:0 
  at UnityEngine.SetupCoroutine.InvokeMoveNext (System.Collections.IEnumerator enumerator, System.IntPtr returnValueAddress) [0x00026] in <0deee1b9576d40a7a211b55014778fa6>:0 

Internal: JobTempAlloc has allocations that are more than the maximum lifespan of 4 frames old - this is not allowed and likely a leak
To Debug, run app with -diag-job-temp-memory-leak-validation cmd line argument. This will output the callstacks of the leaked allocations.
Internal: deleting an allocation that is older than its permitted lifetime of 4 frames (age = 6)
Internal: deleting an allocation that is older than its permitted lifetime of 4 frames (age = 6)
Internal: deleting an allocation that is older than its permitted lifetime of 4 frames (age = 6)
Internal: deleting an allocation that is older than its permitted lifetime of 4 frames (age = 11)
Internal: deleting an allocation that is older than its permitted lifetime of 4 frames (age = 11)
Internal: deleting an allocation that is older than its permitted lifetime of 4 frames (age = 6)
Internal: deleting an allocation that is older than its permitted lifetime of 4 frames (age = 5)
Internal: deleting an allocation that is older than its permitted lifetime of 4 frames (age = 7)
Internal: JobTempAlloc has allocations that are more than the maximum lifespan of 4 frames old - this is not allowed and likely a leak
To Debug, run app with -diag-job-temp-memory-leak-validation cmd line argument. This will output the callstacks of the leaked allocations.
Internal: deleting an allocation that is older than its permitted lifetime of 4 frames (age = 9)
Internal: deleting an allocation that is older than its permitted lifetime of 4 frames (age = 6)
Internal: deleting an allocation that is older than its permitted lifetime of 4 frames (age = 10)
Internal: deleting an allocation that is older than its permitted lifetime of 4 frames (age = 13)
Internal: deleting an allocation that is older than its permitted lifetime of 4 frames (age = 5)
Internal: JobTempAlloc has allocations that are more than the maximum lifespan of 4 frames old - this is not allowed and likely a leak
To Debug, run app with -diag-job-temp-memory-leak-validation cmd line argument. This will output the callstacks of the leaked allocations.
Internal: deleting an allocation that is older than its permitted lifetime of 4 frames (age = 10)
Internal: deleting an allocation that is older than its permitted lifetime of 4 frames (age = 5)
Internal: deleting an allocation that is older than its permitted lifetime of 4 frames (age = 12)
Internal: deleting an allocation that is older than its permitted lifetime of 4 frames (age = 6)
Internal: deleting an allocation that is older than its permitted lifetime of 4 frames (age = 10)
Internal: deleting an allocation that is older than its permitted lifetime of 4 frames (age = 5)
Internal: JobTempAlloc has allocations that are more than the maximum lifespan of 4 frames old - this is not allowed and likely a leak
To Debug, run app with -diag-job-temp-memory-leak-validation cmd line argument. This will output the callstacks of the leaked allocations.
Internal: deleting an allocation that is older than its permitted lifetime of 4 frames (age = 6)
Internal: deleting an allocation that is older than its permitted lifetime of 4 frames (age = 9)
Internal: JobTempAlloc has allocations that are more than the maximum lifespan of 4 frames old - this is not allowed and likely a leak
To Debug, run app with -diag-job-temp-memory-leak-validation cmd line argument. This will output the callstacks of the leaked allocations.
Internal: deleting an allocation that is older than its permitted lifetime of 4 frames (age = 6)
Internal: deleting an allocation that is older than its permitted lifetime of 4 frames (age = 9)
Internal: deleting an allocation that is older than its permitted lifetime of 4 frames (age = 7)
Internal: deleting an allocation that is older than its permitted lifetime of 4 frames (age = 9)
Internal: deleting an allocation that is older than its permitted lifetime of 4 frames (age = 6)
Internal: deleting an allocation that is older than its permitted lifetime of 4 frames (age = 5)
Internal: deleting an allocation that is older than its permitted lifetime of 4 frames (age = 5)
Internal: deleting an allocation that is older than its permitted lifetime of 4 frames (age = 6)
Internal: deleting an allocation that is older than its permitted lifetime of 4 frames (age = 9)
Internal: deleting an allocation that is older than its permitted lifetime of 4 frames (age = 7)
Internal: deleting an allocation that is older than its permitted lifetime of 4 frames (age = 8)
Internal: deleting an allocation that is older than its permitted lifetime of 4 frames (age = 7)
Internal: deleting an allocation that is older than its permitted lifetime of 4 frames (age = 10)
Internal: deleting an allocation that is older than its permitted lifetime of 4 frames (age = 7)
Internal: deleting an allocation that is older than its permitted lifetime of 4 frames (age = 15)
Internal: deleting an allocation that is older than its permitted lifetime of 4 frames (age = 5)
Internal: deleting an allocation that is older than its permitted lifetime of 4 frames (age = 9)
Internal: JobTempAlloc has allocations that are more than the maximum lifespan of 4 frames old - this is not allowed and likely a leak
To Debug, run app with -diag-job-temp-memory-leak-validation cmd line argument. This will output the callstacks of the leaked allocations.
Internal: deleting an allocation that is older than its permitted lifetime of 4 frames (age = 6)
Internal: deleting an allocation that is older than its permitted lifetime of 4 frames (age = 6)
Internal: deleting an allocation that is older than its permitted lifetime of 4 frames (age = 5)
Internal: deleting an allocation that is older than its permitted lifetime of 4 frames (age = 10)
Internal: deleting an allocation that is older than its permitted lifetime of 4 frames (age = 5)
Internal: deleting an allocation that is older than its permitted lifetime of 4 frames (age = 8)
Internal: deleting an allocation that is older than its permitted lifetime of 4 frames (age = 7)
Internal: deleting an allocation that is older than its permitted lifetime of 4 frames (age = 10)
Internal: deleting an allocation that is older than its permitted lifetime of 4 frames (age = 6)
Internal: deleting an allocation that is older than its permitted lifetime of 4 frames (age = 5)
Internal: deleting an allocation that is older than its permitted lifetime of 4 frames (age = 8)
Internal: deleting an allocation that is older than its permitted lifetime of 4 frames (age = 5)
Internal: deleting an allocation that is older than its permitted lifetime of 4 frames (age = 6)
Internal: deleting an allocation that is older than its permitted lifetime of 4 frames (age = 13)
Internal: deleting an allocation that is older than its permitted lifetime of 4 frames (age = 5)
Internal: deleting an allocation that is older than its permitted lifetime of 4 frames (age = 9)
Internal: deleting an allocation that is older than its permitted lifetime of 4 frames (age = 10)
Internal: deleting an allocation that is older than its permitted lifetime of 4 frames (age = 6)
Internal: deleting an allocation that is older than its permitted lifetime of 4 frames (age = 6)
Internal: deleting an allocation that is older than its permitted lifetime of 4 frames (age = 15)
Internal: deleting an allocation that is older than its permitted lifetime of 4 frames (age = 7)
Loading graph data from: /home/kblack0610/.steam/debian-installation/steamapps/common/DodginBalls/Linux/v0.1.131/game_Data/StreamingAssets/school_astar_graph.bytes
Unable to add the requested character to font asset [Cute Dino SDF]'s atlas texture. Please make the texture [Cute Dino SDF Atlas] readable.
fake asset loader initialized
m/body	M_body (UnityEngine.GameObject)
m/head/Head.01	Head.01 (Rukha93.ModularAnimeCharacter.Customization.CustomizationItemAsset)
m/head/Head.02	Head.02 (Rukha93.ModularAnimeCharacter.Customization.CustomizationItemAsset)
m/head/Head.03	Head.03 (Rukha93.ModularAnimeCharacter.Customization.CustomizationItemAsset)
m/head/Head.04	Head.04 (Rukha93.ModularAnimeCharacter.Customization.CustomizationItemAsset)
m/hairstyle/Hairstyle.01	Hairstyle.01 (Rukha93.ModularAnimeCharacter.Customization.CustomizationItemAsset)
m/hairstyle/Hairstyle.02	Hairstyle.02 (Rukha93.ModularAnimeCharacter.Customization.CustomizationItemAsset)
m/hairstyle/Hairstyle.03	Hairstyle.03 (Rukha93.ModularAnimeCharacter.Customization.CustomizationItemAsset)
m/hairstyle/Hairstyle.04	Hairstyle.04 (Rukha93.ModularAnimeCharacter.Customization.CustomizationItemAsset)
m/hairstyle/Hairstyle.05	Hairstyle.05 (Rukha93.ModularAnimeCharacter.Customization.CustomizationItemAsset)
m/hairstyle/Hairstyle.06	Hairstyle.06 (Rukha93.ModularAnimeCharacter.Customization.CustomizationItemAsset)
m/hairstyle/Hairstyle.07	Hairstyle.07 (Rukha93.ModularAnimeCharacter.Customization.CustomizationItemAsset)
m/hairstyle/Hairstyle.08-1	Hairstyle.08-1 (Rukha93.ModularAnimeCharacter.Customization.CustomizationItemAsset)
m/hairstyle/Hairstyle.08-2	Hairstyle.08-2 (Rukha93.ModularAnimeCharacter.Customization.CustomizationItemAsset)
m/hairstyle/Hairstyle.08-3	Hairstyle.08-3 (Rukha93.ModularAnimeCharacter.Customization.CustomizationItemAsset)
m/hairstyle/Hairstyle.09-1	Hairstyle.09-1 (Rukha93.ModularAnimeCharacter.Customization.CustomizationItemAsset)
m/hairstyle/Hairstyle.09-2	Hairstyle.09-2 (Rukha93.ModularAnimeCharacter.Customization.CustomizationItemAsset)
m/hairstyle/Hairstyle.09-3	Hairstyle.09-3 (Rukha93.ModularAnimeCharacter.Customization.CustomizationItemAsset)
m/hairstyle/Hairstyle.10-1	Hairstyle.10-1 (Rukha93.ModularAnimeCharacter.Customization.CustomizationItemAsset)
m/hairstyle/Hairstyle.10-2	Hairstyle.10-2 (Rukha93.ModularAnimeCharacter.Customization.CustomizationItemAsset)
m/hairstyle/Hairstyle.10-3	Hairstyle.10-3 (Rukha93.ModularAnimeCharacter.Customization.CustomizationItemAsset)
m/hairstyle/Hairstyle.11-1	Hairstyle.11-1 (Rukha93.ModularAnimeCharacter.Customization.CustomizationItemAsset)
m/hairstyle/Hairstyle.11-2	Hairstyle.11-2 (Rukha93.ModularAnimeCharacter.Customization.CustomizationItemAsset)
m/hairstyle/Hairstyle.11-3	Hairstyle.11-3 (Rukha93.ModularAnimeCharacter.Customization.CustomizationItemAsset)
m/hairstyle/Hairstyle.12-1	Hairstyle.12-1 (Rukha93.ModularAnimeCharacter.Customization.CustomizationItemAsset)
m/hairstyle/Hairstyle.12-2	Hairstyle.12-2 (Rukha93.ModularAnimeCharacter.Customization.CustomizationItemAsset)
m/hairstyle/Hairstyle.12-3	Hairstyle.12-3 (Rukha93.ModularAnimeCharacter.Customization.CustomizationItemAsset)
m/hairstyle/Hairstyle.13-1	Hairstyle.13-1 (Rukha93.ModularAnimeCharacter.Customization.CustomizationItemAsset)
m/hairstyle/Hairstyle.13-2	Hairstyle.13-2 (Rukha93.ModularAnimeCharacter.Customization.CustomizationItemAsset)
m/hairstyle/Hairstyle.13-3	Hairstyle.13-3 (Rukha93.ModularAnimeCharacter.Customization.CustomizationItemAsset)
m/hairstyle/Hairstyle.14-1	Hairstyle.14-1 (Rukha93.ModularAnimeCharacter.Customization.CustomizationItemAsset)
m/hairstyle/Hairstyle.14-2	Hairstyle.14-2 (Rukha93.ModularAnimeCharacter.Customization.CustomizationItemAsset)
m/hairstyle/Hairstyle.14-3	Hairstyle.14-3 (Rukha93.ModularAnimeCharacter.Customization.CustomizationItemAsset)
m/hairstyle/Hairstyle.15	Hairstyle.15 (Rukha93.ModularAnimeCharacter.Customization.CustomizationItemAsset)
m/hairstyle/Hairstyle.16	Hairstyle.16 (Rukha93.ModularAnimeCharacter.Customization.CustomizationItemAsset)
m/hairstyle/Hat.001-1	Hat.001-1 (Rukha93.ModularAnimeCharacter.Customization.CustomizationItemAsset)
m/hairstyle/Hat.001-2	Hat.001-2 (Rukha93.ModularAnimeCharacter.Customization.CustomizationItemAsset)
m/hairstyle/Hat.001-3	Hat.001-3 (Rukha93.ModularAnimeCharacter.Customization.CustomizationItemAsset)
m/hairstyle/Hat.001-4	Hat.001-4 (Rukha93.ModularAnimeCharacter.Customization.CustomizationItemAsset)
m/hairstyle/Hat.001-5	Hat.001-5 (Rukha93.ModularAnimeCharacter.Customization.CustomizationItemAsset)
m/hairstyle/Hat.002-1	Hat.002-1 (Rukha93.ModularAnimeCharacter.Customization.CustomizationItemAsset)
m/hairstyle/Hat.002-2	Hat.002-2 (Rukha93.ModularAnimeCharacter.Customization.CustomizationItemAsset)
m/hairstyle/Hat.002-3	Hat.002-3 (Rukha93.ModularAnimeCharacter.Customization.CustomizationItemAsset)
m/hairstyle/Hat.002-4	Hat.002-4 (Rukha93.ModularAnimeCharacter.Customization.CustomizationItemAsset)
m/hairstyle/Hat.002-5	Hat.002-5 (Rukha93.ModularAnimeCharacter.Customization.CustomizationItemAsset)
m/hairstyle/Hat.003	Hat.003 (Rukha93.ModularAnimeCharacter.Customization.CustomizationItemAsset)
m/hairstyle/Hairstyle.17	Hairstyle.17 (Rukha93.ModularAnimeCharacter.Customization.CustomizationItemAsset)
m/acc_head/Glasses.001	Glasses.001 (Rukha93.ModularAnimeCharacter.Customization.CustomizationItemAsset)
m/acc_head/Glasses.002	Glasses.002 (Rukha93.ModularAnimeCharacter.Customization.CustomizationItemAsset)
m/top/Top.01	Top.01 (Rukha93.ModularAnimeCharacter.Customization.CustomizationItemAsset)
m/top/Top.02	Top.02 (Rukha93.ModularAnimeCharacter.Customization.CustomizationItemAsset)
m/top/Top.03	Top.03 (Rukha93.ModularAnimeCharacter.Customization.CustomizationItemAsset)
m/top/Top.04	Top.04 (Rukha93.ModularAnimeCharacter.Customization.CustomizationItemAsset)
m/top/Top.05	Top.05 (Rukha93.ModularAnimeCharacter.Customization.CustomizationItemAsset)
m/top/Top.06	Top.06 (Rukha93.ModularAnimeCharacter.Customization.CustomizationItemAsset)
m/top/Top.07-A	Top.07-A (Rukha93.ModularAnimeCharacter.Customization.CustomizationItemAsset)
m/top/Top.07-B	Top.07-B (Rukha93.ModularAnimeCharacter.Customization.CustomizationItemAsset)
m/top/Top.08-A	Top.08-A (Rukha93.ModularAnimeCharacter.Customization.CustomizationItemAsset)
m/top/Top.08-B	Top.08-B (Rukha93.ModularAnimeCharacter.Customization.CustomizationItemAsset)
m/top/Top.09	Top.09 (Rukha93.ModularAnimeCharacter.Customization.CustomizationItemAsset)
m/top/Top.10	Top.10 (Rukha93.ModularAnimeCharacter.Customization.CustomizationItemAsset)
m/top/Top.11	Top.11 (Rukha93.ModularAnimeCharacter.Customization.CustomizationItemAsset)
m/bottom/Bot.01	Bot.01 (Rukha93.ModularAnimeCharacter.Customization.CustomizationItemAsset)
m/bottom/Bot.02	Bot.02 (Rukha93.ModularAnimeCharacter.Customization.CustomizationItemAsset)
m/bottom/Bot.03	Bot.03 (Rukha93.ModularAnimeCharacter.Customization.CustomizationItemAsset)
m/bottom/Bot.04	Bot.04 (Rukha93.ModularAnimeCharacter.Customization.CustomizationItemAsset)
m/bottom/Bot.05	Bot.05 (Rukha93.ModularAnimeCharacter.Customization.CustomizationItemAsset)
m/bottom/Bot.06	Bot.06 (Rukha93.ModularAnimeCharacter.Customization.CustomizationItemAsset)
m/shoes/Shoes.01	Shoes.01 (Rukha93.ModularAnimeCharacter.Customization.CustomizationItemAsset)
m/shoes/Shoes.02	Shoes.02 (Rukha93.ModularAnimeCharacter.Customization.CustomizationItemAsset)
m/shoes/Shoes.03	Shoes.03 (Rukha93.ModularAnimeCharacter.Customization.CustomizationItemAsset)
m/shoes/Shoes.04	Shoes.04 (Rukha93.ModularAnimeCharacter.Customization.CustomizationItemAsset)
m/shoes/Shoes.05	Shoes.05 (Rukha93.ModularAnimeCharacter.Customization.CustomizationItemAsset)
m/shoes/Shoes.06	Shoes.06 (Rukha93.ModularAnimeCharacter.Customization.CustomizationItemAsset)
m/shoes/Shoes.07	Shoes.07 (Rukha93.ModularAnimeCharacter.Customization.CustomizationItemAsset)
m/outfit/Outfit.01	Outfit.01 (Rukha93.ModularAnimeCharacter.Customization.CustomizationItemAsset)
m/outfit/Outfit.02	Outfit.02 (Rukha93.ModularAnimeCharacter.Customization.CustomizationItemAsset)
m/outfit/Outfit.03	Outfit.03 (Rukha93.ModularAnimeCharacter.Customization.CustomizationItemAsset)
m/outfit/Outfit.04	Outfit.04 (Rukha93.ModularAnimeCharacter.Customization.CustomizationItemAsset)
f/body	F_body (UnityEngine.GameObject)
f/head/Head.01	Head.01 (Rukha93.ModularAnimeCharacter.Customization.CustomizationItemAsset)
f/head/Head.02	Head.02 (Rukha93.ModularAnimeCharacter.Customization.CustomizationItemAsset)
f/head/Head.03	Head.03 (Rukha93.ModularAnimeCharacter.Customization.CustomizationItemAsset)
f/head/Head.04	Head.04 (Rukha93.ModularAnimeCharacter.Customization.CustomizationItemAsset)
f/hairstyle/Hairstyle.01	Hairstyle.01 (Rukha93.ModularAnimeCharacter.Customization.CustomizationItemAsset)
f/hairstyle/Hairstyle.02	Hairstyle.02 (Rukha93.ModularAnimeCharacter.Customization.CustomizationItemAsset)
f/hairstyle/Hairstyle.03	Hairstyle.03 (Rukha93.ModularAnimeCharacter.Customization.CustomizationItemAsset)
f/hairstyle/Hairstyle.04	Hairstyle.04 (Rukha93.ModularAnimeCharacter.Customization.CustomizationItemAsset)
f/hairstyle/Hairstyle.05	Hairstyle.05 (Rukha93.ModularAnimeCharacter.Customization.CustomizationItemAsset)
f/hairstyle/Hairstyle.06	Hairstyle.06 (Rukha93.ModularAnimeCharacter.Customization.CustomizationItemAsset)
f/hairstyle/Hairstyle.07	Hairstyle.07 (Rukha93.ModularAnimeCharacter.Customization.CustomizationItemAsset)
f/hairstyle/Hairstyle.08-1	Hairstyle.08-1 (Rukha93.ModularAnimeCharacter.Customization.CustomizationItemAsset)
f/hairstyle/Hairstyle.08-2	Hairstyle.08-2 (Rukha93.ModularAnimeCharacter.Customization.CustomizationItemAsset)
f/hairstyle/Hairstyle.08-3	Hairstyle.08-3 (Rukha93.ModularAnimeCharacter.Customization.CustomizationItemAsset)
f/hairstyle/Hairstyle.09-1	Hairstyle.09-1 (Rukha93.ModularAnimeCharacter.Customization.CustomizationItemAsset)
f/hairstyle/Hairstyle.09-2	Hairstyle.09-2 (Rukha93.ModularAnimeCharacter.Customization.CustomizationItemAsset)
f/hairstyle/Hairstyle.09-3	Hairstyle.09-3 (Rukha93.ModularAnimeCharacter.Customization.CustomizationItemAsset)
f/hairstyle/Hairstyle.10-1	Hairstyle.10-1 (Rukha93.ModularAnimeCharacter.Customization.CustomizationItemAsset)
f/hairstyle/Hairstyle.10-2	Hairstyle.10-2 (Rukha93.ModularAnimeCharacter.Customization.CustomizationItemAsset)
f/hairstyle/Hairstyle.10-3	Hairstyle.10-3 (Rukha93.ModularAnimeCharacter.Customization.CustomizationItemAsset)
f/hairstyle/Hairstyle.11-1	Hairstyle.11-1 (Rukha93.ModularAnimeCharacter.Customization.CustomizationItemAsset)
f/hairstyle/Hairstyle.11-2	Hairstyle.11-2 (Rukha93.ModularAnimeCharacter.Customization.CustomizationItemAsset)
f/hairstyle/Hairstyle.11-3	Hairstyle.11-3 (Rukha93.ModularAnimeCharacter.Customization.CustomizationItemAsset)
f/hairstyle/Hairstyle.12-1	Hairstyle.12-1 (Rukha93.ModularAnimeCharacter.Customization.CustomizationItemAsset)
f/hairstyle/Hairstyle.12-2	Hairstyle.12-2 (Rukha93.ModularAnimeCharacter.Customization.CustomizationItemAsset)
f/hairstyle/Hairstyle.12-3	Hairstyle.12-3 (Rukha93.ModularAnimeCharacter.Customization.CustomizationItemAsset)
f/hairstyle/Hairstyle.13-1	Hairstyle.13-1 (Rukha93.ModularAnimeCharacter.Customization.CustomizationItemAsset)
f/hairstyle/Hairstyle.13-2	Hairstyle.13-2 (Rukha93.ModularAnimeCharacter.Customization.CustomizationItemAsset)
f/hairstyle/Hairstyle.13-3	Hairstyle.13-3 (Rukha93.ModularAnimeCharacter.Customization.CustomizationItemAsset)
f/hairstyle/Hairstyle.14-1	Hairstyle.14-1 (Rukha93.ModularAnimeCharacter.Customization.CustomizationItemAsset)
f/hairstyle/Hairstyle.14-2	Hairstyle.14-2 (Rukha93.ModularAnimeCharacter.Customization.CustomizationItemAsset)
f/hairstyle/Hairstyle.14-3	Hairstyle.14-3 (Rukha93.ModularAnimeCharacter.Customization.CustomizationItemAsset)
f/hairstyle/Hairstyle.15	Hairstyle.15 (Rukha93.ModularAnimeCharacter.Customization.CustomizationItemAsset)
f/hairstyle/Hairstyle.16	Hairstyle.16 (Rukha93.ModularAnimeCharacter.Customization.CustomizationItemAsset)
f/hairstyle/Hat.001-1	Hat.001-1 (Rukha93.ModularAnimeCharacter.Customization.CustomizationItemAsset)
f/hairstyle/Hat.001-2	Hat.001-2 (Rukha93.ModularAnimeCharacter.Customization.CustomizationItemAsset)
f/hairstyle/Hat.001-3	Hat.001-3 (Rukha93.ModularAnimeCharacter.Customization.CustomizationItemAsset)
f/hairstyle/Hat.001-4	Hat.001-4 (Rukha93.ModularAnimeCharacter.Customization.CustomizationItemAsset)
f/hairstyle/Hat.001-5	Hat.001-5 (Rukha93.ModularAnimeCharacter.Customization.CustomizationItemAsset)
f/hairstyle/Hat.002-1	Hat.002-1 (Rukha93.ModularAnimeCharacter.Customization.CustomizationItemAsset)
f/hairstyle/Hat.002-2	Hat.002-2 (Rukha93.ModularAnimeCharacter.Customization.CustomizationItemAsset)
f/hairstyle/Hat.002-3	Hat.002-3 (Rukha93.ModularAnimeCharacter.Customization.CustomizationItemAsset)
f/hairstyle/Hat.002-4	Hat.002-4 (Rukha93.ModularAnimeCharacter.Customization.CustomizationItemAsset)
f/hairstyle/Hat.002-5	Hat.002-5 (Rukha93.ModularAnimeCharacter.Customization.CustomizationItemAsset)
f/hairstyle/Hat.003	Hat.003 (Rukha93.ModularAnimeCharacter.Customization.CustomizationItemAsset)
f/hairstyle/Hairstyle.17	Hairstyle.17 (Rukha93.ModularAnimeCharacter.Customization.CustomizationItemAsset)
f/acc_head/Glasses.001	Glasses.001 (Rukha93.ModularAnimeCharacter.Customization.CustomizationItemAsset)
f/acc_head/Glasses.002	Glasses.002 (Rukha93.ModularAnimeCharacter.Customization.CustomizationItemAsset)
f/top/Top.01	Top.01 (Rukha93.ModularAnimeCharacter.Customization.CustomizationItemAsset)
f/top/Top.02	Top.02 (Rukha93.ModularAnimeCharacter.Customization.CustomizationItemAsset)
f/top/Top.03	Top.03 (Rukha93.ModularAnimeCharacter.Customization.CustomizationItemAsset)
f/top/Top.04	Top.04 (Rukha93.ModularAnimeCharacter.Customization.CustomizationItemAsset)
f/top/Top.05	Top.05 (Rukha93.ModularAnimeCharacter.Customization.CustomizationItemAsset)
f/top/Top.06	Top.06 (Rukha93.ModularAnimeCharacter.Customization.CustomizationItemAsset)
f/top/Top.07-A	Top.07-A (Rukha93.ModularAnimeCharacter.Customization.CustomizationItemAsset)
f/top/Top.07-B	Top.07-B (Rukha93.ModularAnimeCharacter.Customization.CustomizationItemAsset)
f/top/Top.08-A	Top.08-A (Rukha93.ModularAnimeCharacter.Customization.CustomizationItemAsset)
f/top/Top.08-B	Top.08-B (Rukha93.ModularAnimeCharacter.Customization.CustomizationItemAsset)
f/top/Top.09	Top.09 (Rukha93.ModularAnimeCharacter.Customization.CustomizationItemAsset)
f/top/Top.10	Top.10 (Rukha93.ModularAnimeCharacter.Customization.CustomizationItemAsset)
f/top/Top.11	Top.11 (Rukha93.ModularAnimeCharacter.Customization.CustomizationItemAsset)
f/bottom/Bot.01	Bot.01 (Rukha93.ModularAnimeCharacter.Customization.CustomizationItemAsset)
f/bottom/Bot.02	Bot.02 (Rukha93.ModularAnimeCharacter.Customization.CustomizationItemAsset)
f/bottom/Bot.03	Bot.03 (Rukha93.ModularAnimeCharacter.Customization.CustomizationItemAsset)
f/bottom/Bot.04	Bot.04 (Rukha93.ModularAnimeCharacter.Customization.CustomizationItemAsset)
f/bottom/Bot.05	Bot.05 (Rukha93.ModularAnimeCharacter.Customization.CustomizationItemAsset)
f/bottom/Bot.06	Bot.06 (Rukha93.ModularAnimeCharacter.Customization.CustomizationItemAsset)
f/shoes/Shoes.01	Shoes.01 (Rukha93.ModularAnimeCharacter.Customization.CustomizationItemAsset)
f/shoes/Shoes.02	Shoes.02 (Rukha93.ModularAnimeCharacter.Customization.CustomizationItemAsset)
f/shoes/Shoes.03	Shoes.03 (Rukha93.ModularAnimeCharacter.Customization.CustomizationItemAsset)
f/shoes/Shoes.04	Shoes.04 (Rukha93.ModularAnimeCharacter.Customization.CustomizationItemAsset)
f/shoes/Shoes.05	Shoes.05 (Rukha93.ModularAnimeCharacter.Customization.CustomizationItemAsset)
f/shoes/Shoes.06	Shoes.06 (Rukha93.ModularAnimeCharacter.Customization.CustomizationItemAsset)
f/shoes/Shoes.07	Shoes.07 (Rukha93.ModularAnimeCharacter.Customization.CustomizationItemAsset)
f/outfit/Outfit.01	Outfit.01 (Rukha93.ModularAnimeCharacter.Customization.CustomizationItemAsset)
f/outfit/Outfit.02	Outfit.02 (Rukha93.ModularAnimeCharacter.Customization.CustomizationItemAsset)
f/outfit/Outfit.03	Outfit.03 (Rukha93.ModularAnimeCharacter.Customization.CustomizationItemAsset)
f/outfit/Outfit.04	Outfit.04 (Rukha93.ModularAnimeCharacter.Customization.CustomizationItemAsset)
Progress Loaded:
Progress Loaded:
Unable to add the requested character to font asset [Cute Dino SDF]'s atlas texture. Please make the texture [Cute Dino SDF Atlas] readable.
Unable to add the requested character to font asset [Cute Dino SDF]'s atlas texture. Please make the texture [Cute Dino SDF Atlas] readable.
Connecting To Server Using Port 32672 And IP f80e10f48c96.pr.edgegap.net
Initializing animation cache
Loading animation data from: /home/kblack0610/.steam/debian-installation/steamapps/common/DodginBalls/Linux/v0.1.131/game_Data/StreamingAssets/AnimationData.json
Initializing animation cache
NIGGER
False
Showing Pause Menu double nig
Connecting To Server Using Port 32672 And IP f80e10f48c96.pr.edgegap.net
NIGGER
False
Showing Pause Menu double nig
[Physics::Module] Cleanup current backned.
[Physics::Module] Id: 0xf2b8ea05
Input System module state changed to: ShutdownInProgress.
Input System polling thread exited.
Input System module state changed to: Shutdown.
GarbageCollector disposing of ComputeBuffer. Please use ComputeBuffer.Release() or .Dispose() to manually release the buffer.
