[2025-04-05T23:16:45.617Z][INFO] Command-line: /home/kblack0610/src/Unity/Hub/Editor/6000.0.43f1/Editor/Data/Resources/PackageManager/Server/UnityPackageManager -s 138175 -ipc -ipc-path /tmp/Unity-Upm-138175.sock -l 2
[2025-04-05T23:16:45.628Z][INFO] IPC server started (IPC path=/tmp/Unity-Upm-138175.sock).
[2025-04-05T23:16:45.628Z][INFO] Hint: To connect to this UPM instance, launch Unity with the command-line parameter -upmIpcPath Upm-138175.
[2025-04-05T23:16:52.142Z][INFO] project:list-packages <-- Request received
params: {}
[2025-04-05T23:16:52.153Z][INFO] project:list-packages <-- Request received
params: {}
[2025-04-05T23:16:52.181Z][INFO] config:project:get-registries <-- Request received
params: {}
[2025-04-05T23:16:52.239Z][INFO] config:project:get-registries --> 200 (59 ms)
[2025-04-05T23:16:53.300Z][INFO] project:list-packages --> 200 (1159 ms)
[2025-04-05T23:16:53.897Z][INFO] project:list-packages --> 200 (1743 ms)
[2025-04-05T23:17:25.890Z][INFO] project:list-packages <-- Request received
params: {}
[2025-04-05T23:17:25.900Z][INFO] project:list-packages <-- Request received
params: {}
[2025-04-05T23:17:25.914Z][INFO] project:list-packages <-- Request received
params: {}
[2025-04-05T23:17:25.920Z][INFO] project:list-packages <-- Request received
params: {}
[2025-04-05T23:17:25.931Z][INFO] config:project:get-registries <-- Request received
params: {}
[2025-04-05T23:17:25.940Z][INFO] config:project:get-registries --> 200 (9 ms)
[2025-04-05T23:17:27.695Z][INFO] project:list-packages --> 200 (1795 ms)
[2025-04-05T23:17:27.786Z][INFO] project:list-packages --> 200 (1872 ms)
[2025-04-05T23:17:28.140Z][INFO] project:list-packages --> 200 (2220 ms)
[2025-04-05T23:17:28.142Z][INFO] project:list-packages --> 200 (2252 ms)
